Loading required package: brms
Loading required package: Rcpp
Loading 'brms' package (version 2.22.0). Useful instructions
can be found by typing help('brms'). A more detailed introduction
to the package is available through vignette('brms_overview').

Attaching package: ‘brms’

The following object is masked from ‘package:stats’:

    ar

Loading required package: tidyverse
── Attaching core tidyverse packages ──────────────────────── tidyverse 2.0.0 ──
✔ dplyr     1.1.4     ✔ readr     2.1.5
✔ forcats   1.0.0     ✔ stringr   1.5.1
✔ ggplot2   3.5.1     ✔ tibble    3.2.1
✔ lubridate 1.9.4     ✔ tidyr     1.3.1
✔ purrr     1.0.2     
── Conflicts ────────────────────────────────────────── tidyverse_conflicts() ──
✖ dplyr::filter() masks stats::filter()
✖ dplyr::lag()    masks stats::lag()
ℹ Use the conflicted package (<http://conflicted.r-lib.org/>) to force all conflicts to become errors
Compiling Stan program...
Error in stanc(file = file, model_code = model_code, model_name = model_name,  : 
  0
Syntax error in 'string', line 3, column 1, lexing error:
   -------------------------------------------------
     1:  // generated with brms 2.22.0
     2:  functions {
     3:    ...
           ^
     4:  }
     5:  data {
   -------------------------------------------------

Invalid character found.
Calls: brm ... eval -> do_call -> eval2 -> eval -> eval -> .fun -> stanc
Execution halted
