Fitting lrf model for species MS

SAMPLING FOR MODEL 'anon_model' NOW (CHAIN 1).
Chain 1: 
Chain 1: Gradient evaluation took 0.001045 seconds
Chain 1: 1000 transitions using 10 leapfrog steps per transition would take 10.45 seconds.
Chain 1: Adjust your expectations accordingly!
Chain 1: 
Chain 1: 

SAMPLING FOR MODEL 'anon_model' NOW (CHAIN 2).
Chain 1: Iteration:    1 / 4000 [  0%]  (Warmup)Chain 
2: 
Chain 2: Gradient evaluation took 0.000904 seconds
Chain 2: 1000 transitions using 10 leapfrog steps per transition would take 9.04 seconds.
Chain 2: Adjust your expectations accordingly!
Chain 2: 
Chain 2: 
Chain 2: Iteration:    1 / 4000 [  0%]  (Warmup)

SAMPLING FOR MODEL 'anon_model' NOW (CHAIN 3).
Chain 3: 
Chain 3: Gradient evaluation took 0.000844 seconds
Chain 3: 1000 transitions using 10 leapfrog steps per transition would take 8.44 seconds.
Chain 3: Adjust your expectations accordingly!
Chain 3: 
Chain 3: 
Chain 3: Iteration:    1 / 4000 [  0%]  (Warmup)

SAMPLING FOR MODEL 'anon_model' NOW (CHAIN 4).
Chain 4: 
Chain 4: Gradient evaluation took 0.000873 seconds
Chain 4: 1000 transitions using 10 leapfrog steps per transition would take 8.73 seconds.
Chain 4: Adjust your expectations accordingly!
Chain 4: 
Chain 4: 
Chain 4: Iteration:    1 / 4000 [  0%]  (Warmup)
Chain 2: Iteration:  400 / 4000 [ 10%]  (Warmup)
Chain 4: Iteration:  400 / 4000 [ 10%]  (Warmup)
Chain 3: Iteration:  400 / 4000 [ 10%]  (Warmup)
Chain 1: Iteration:  400 / 4000 [ 10%]  (Warmup)
Chain 2: Iteration:  800 / 4000 [ 20%]  (Warmup)
Chain 3: Iteration:  800 / 4000 [ 20%]  (Warmup)
Chain 4: Iteration:  800 / 4000 [ 20%]  (Warmup)
Chain 1: Iteration:  800 / 4000 [ 20%]  (Warmup)
Chain 3: Iteration: 1200 / 4000 [ 30%]  (Warmup)
Chain 2: Iteration: 1200 / 4000 [ 30%]  (Warmup)
Chain 4: Iteration: 1200 / 4000 [ 30%]  (Warmup)
Chain 1: Iteration: 1200 / 4000 [ 30%]  (Warmup)
Chain 3: Iteration: 1600 / 4000 [ 40%]  (Warmup)
Chain 2: Iteration: 1600 / 4000 [ 40%]  (Warmup)
Chain 4: Iteration: 1600 / 4000 [ 40%]  (Warmup)
Chain 1: Iteration: 1600 / 4000 [ 40%]  (Warmup)
Chain 3: Iteration: 2000 / 4000 [ 50%]  (Warmup)
Chain 3: Iteration: 2001 / 4000 [ 50%]  (Sampling)
Chain 4: Iteration: 2000 / 4000 [ 50%]  (Warmup)
Chain 4: Iteration: 2001 / 4000 [ 50%]  (Sampling)
Chain 2: Iteration: 2000 / 4000 [ 50%]  (Warmup)
Chain 2: Iteration: 2001 / 4000 [ 50%]  (Sampling)
Chain 1: Iteration: 2000 / 4000 [ 50%]  (Warmup)
Chain 1: Iteration: 2001 / 4000 [ 50%]  (Sampling)
Chain 3: Iteration: 2400 / 4000 [ 60%]  (Sampling)
Chain 4: Iteration: 2400 / 4000 [ 60%]  (Sampling)
Chain 2: Iteration: 2400 / 4000 [ 60%]  (Sampling)
Chain 3: Iteration: 2800 / 4000 [ 70%]  (Sampling)
Chain 1: Iteration: 2400 / 4000 [ 60%]  (Sampling)
Chain 4: Iteration: 2800 / 4000 [ 70%]  (Sampling)
Chain 3: Iteration: 3200 / 4000 [ 80%]  (Sampling)
Chain 2: Iteration: 2800 / 4000 [ 70%]  (Sampling)
Chain 3: Iteration: 3600 / 4000 [ 90%]  (Sampling)
Chain 4: Iteration: 3200 / 4000 [ 80%]  (Sampling)
Chain 2: Iteration: 3200 / 4000 [ 80%]  (Sampling)
Chain 1: Iteration: 2800 / 4000 [ 70%]  (Sampling)
Chain 3: Iteration: 4000 / 4000 [100%]  (Sampling)
Chain 3: 
Chain 3:  Elapsed Time: 13.242 seconds (Warm-up)
Chain 3:                11.014 seconds (Sampling)
Chain 3:                24.256 seconds (Total)
Chain 3: 
Chain 4: Iteration: 3600 / 4000 [ 90%]  (Sampling)
Chain 2: Iteration: 3600 / 4000 [ 90%]  (Sampling)
Chain 1: Iteration: 3200 / 4000 [ 80%]  (Sampling)
Chain 4: Iteration: 4000 / 4000 [100%]  (Sampling)
Chain 4: 
Chain 4:  Elapsed Time: 14.139 seconds (Warm-up)
Chain 4:                14.111 seconds (Sampling)
Chain 4:                28.25 seconds (Total)
Chain 4: 
Chain 2: Iteration: 4000 / 4000 [100%]  (Sampling)
Chain 2: 
Chain 2:  Elapsed Time: 14.569 seconds (Warm-up)
Chain 2:                14.449 seconds (Sampling)
Chain 2:                29.018 seconds (Total)
Chain 2: 
Chain 1: Iteration: 3600 / 4000 [ 90%]  (Sampling)
Chain 1: Iteration: 4000 / 4000 [100%]  (Sampling)
Chain 1: 
Chain 1:  Elapsed Time: 15.072 seconds (Warm-up)
Chain 1:                20.27 seconds (Sampling)
Chain 1:                35.342 seconds (Total)
Chain 1: 
Model saved to output/fits/MS_lrf.rds
