Fitting lrf model for species MB

SAMPLING FOR MODEL 'anon_model' NOW (CHAIN 4).

SAMPLING FOR MODEL 'anon_model' NOW (CHAIN 1).

SAMPLING FOR MODEL 'anon_model' NOW (CHAIN 2).
Chain 4: 
Chain 4: Gradient evaluation took 0.001529 seconds
Chain 4: 1000 transitions using 10 leapfrog steps per transition would take 15.29 seconds.
Chain 4: Adjust your expectations accordingly!
Chain 4: 
Chain 4: 
Chain Chain 1: 2
: 
Chain 1Chain : 2Gradient evaluation took 0.001486 seconds: 
Gradient evaluation took 0.001486 secondsChain 
1Chain : 21000 transitions using 10 leapfrog steps per transition would take 14.86 seconds.: 
1000 transitions using 10 leapfrog steps per transition would take 14.86 seconds.Chain 
1Chain : 2Adjust your expectations accordingly!: 
Adjust your expectations accordingly!Chain 
1Chain : 2
: Chain 
1Chain : 2
: 

SAMPLING FOR MODEL 'anon_model' NOW (CHAIN 3).
Chain 3: 
Chain 3: Gradient evaluation took 0.001662 seconds
Chain 3: 1000 transitions using 10 leapfrog steps per transition would take 16.62 seconds.
Chain 3: Adjust your expectations accordingly!
Chain 3: 
Chain 3: 
Chain 2: Iteration:    1 / 4000 [  0%]  (Warmup)
Chain 1: Iteration:    1 / 4000 [  0%]  (Warmup)
Chain Chain 34: : Iteration:    1 / 4000 [  0%]  (Warmup)Iteration:    1 / 4000 [  0%]  (Warmup)

Chain 3: Iteration:  400 / 4000 [ 10%]  (Warmup)
Chain 4: Iteration:  400 / 4000 [ 10%]  (Warmup)
Chain 1: Iteration:  400 / 4000 [ 10%]  (Warmup)
Chain 2: Iteration:  400 / 4000 [ 10%]  (Warmup)
Chain 3: Iteration:  800 / 4000 [ 20%]  (Warmup)
Chain 4: Iteration:  800 / 4000 [ 20%]  (Warmup)
Chain 1: Iteration:  800 / 4000 [ 20%]  (Warmup)
Chain 2: Iteration:  800 / 4000 [ 20%]  (Warmup)
Chain 4: Iteration: 1200 / 4000 [ 30%]  (Warmup)
Chain 1: Iteration: 1200 / 4000 [ 30%]  (Warmup)
Chain 3: Iteration: 1200 / 4000 [ 30%]  (Warmup)
Chain 2: Iteration: 1200 / 4000 [ 30%]  (Warmup)
Chain 4: Iteration: 1600 / 4000 [ 40%]  (Warmup)
Chain 3: Iteration: 1600 / 4000 [ 40%]  (Warmup)
Chain 1: Iteration: 1600 / 4000 [ 40%]  (Warmup)
Chain 2: Iteration: 1600 / 4000 [ 40%]  (Warmup)
Chain 4: Iteration: 2000 / 4000 [ 50%]  (Warmup)
Chain 4: Iteration: 2001 / 4000 [ 50%]  (Sampling)
Chain 3: Iteration: 2000 / 4000 [ 50%]  (Warmup)
Chain 3: Iteration: 2001 / 4000 [ 50%]  (Sampling)
Chain 1: Iteration: 2000 / 4000 [ 50%]  (Warmup)
Chain 1: Iteration: 2001 / 4000 [ 50%]  (Sampling)
Chain 2: Iteration: 2000 / 4000 [ 50%]  (Warmup)
Chain 2: Iteration: 2001 / 4000 [ 50%]  (Sampling)
Chain 4: Iteration: 2400 / 4000 [ 60%]  (Sampling)
Chain 1: Iteration: 2400 / 4000 [ 60%]  (Sampling)
Chain 3: Iteration: 2400 / 4000 [ 60%]  (Sampling)
Chain 4: Iteration: 2800 / 4000 [ 70%]  (Sampling)
Chain 1: Iteration: 2800 / 4000 [ 70%]  (Sampling)
Chain 3: Iteration: 2800 / 4000 [ 70%]  (Sampling)
Chain 2: Iteration: 2400 / 4000 [ 60%]  (Sampling)
Chain 4: Iteration: 3200 / 4000 [ 80%]  (Sampling)
Chain 1: Iteration: 3200 / 4000 [ 80%]  (Sampling)
Chain 3: Iteration: 3200 / 4000 [ 80%]  (Sampling)
Chain 4: Iteration: 3600 / 4000 [ 90%]  (Sampling)
Chain 2: Iteration: 2800 / 4000 [ 70%]  (Sampling)
Chain 1: Iteration: 3600 / 4000 [ 90%]  (Sampling)
Chain 3: Iteration: 3600 / 4000 [ 90%]  (Sampling)
Chain 4: Iteration: 4000 / 4000 [100%]  (Sampling)
Chain 4: 
Chain 4:  Elapsed Time: 16.29 seconds (Warm-up)
Chain 4:                12.794 seconds (Sampling)
Chain 4:                29.084 seconds (Total)
Chain 4: 
Chain 1: Iteration: 4000 / 4000 [100%]  (Sampling)
Chain 1: 
Chain 1:  Elapsed Time: 16.7 seconds (Warm-up)
Chain 1:                13.083 seconds (Sampling)
Chain 1:                29.783 seconds (Total)
Chain 1: 
Chain 3: Iteration: 4000 / 4000 [100%]  (Sampling)
Chain 3: 
Chain 3:  Elapsed Time: 16.551 seconds (Warm-up)
Chain 3:                14.193 seconds (Sampling)
Chain 3:                30.744 seconds (Total)
Chain 3: 
Chain 2: Iteration: 3200 / 4000 [ 80%]  (Sampling)
Chain 2: Iteration: 3600 / 4000 [ 90%]  (Sampling)
Chain 2: Iteration: 4000 / 4000 [100%]  (Sampling)
Chain 2: 
Chain 2:  Elapsed Time: 17.93 seconds (Warm-up)
Chain 2:                21.534 seconds (Sampling)
Chain 2:                39.464 seconds (Total)
Chain 2: 
Model saved to output/fits/MB_lrf.rds
